<?xml version="1.0" encoding="UTF-8"?>
<!-- Generated by org.testng.reporters.JUnitReportReporter -->
<testsuite hostname="PC3" failures="0" tests="1" name="Day_8_Test.Homework_Day_8_Bai_1" time="9.853" errors="0" timestamp="2024-01-05T17:25:17 ICT" skipped="0">
  <testcase classname="Day_8_Test.Homework_Day_8_Bai_1" name="Testcase_1" time="9.853"/>
</testsuite> <!-- Day_8_Test.Homework_Day_8_Bai_1 -->
