<?xml version="1.0" encoding="UTF-8"?>
<!-- Generated by org.testng.reporters.JUnitReportReporter -->
<testsuite hostname="PC3" failures="0" tests="3" name="Day_10.Day_10_xPath" time="15.836" errors="0" timestamp="2024-01-08T21:39:23 ICT" skipped="2">
  <testcase classname="Day_10.Day_10_xPath" name="checkWithAndOrCondition" time="15.836"/>
  <testcase classname="Day_10.Day_10_xPath" name="checkWithContainsOrStartWidth">
    <skipped/>
  </testcase> <!-- checkWithContainsOrStartWidth -->
  <testcase classname="Day_10.Day_10_xPath" name="checkWithText">
    <skipped/>
  </testcase> <!-- checkWithText -->
</testsuite> <!-- Day_10.Day_10_xPath -->
