<?xml version="1.0" encoding="UTF-8"?>
<!-- Generated by org.testng.reporters.JUnitReportReporter -->
<testsuite hostname="PC3" failures="0" tests="2" name="Day_8_Test.Day_8_Locator" time="8.170" errors="0" timestamp="2023-12-29T21:34:54 ICT" skipped="1">
  <testcase classname="Day_8_Test.Day_8_Locator" name="Testcase_2" time="8.170"/>
  <testcase classname="Day_8_Test.Day_8_Locator" name="Testcase_1">
    <skipped/>
  </testcase> <!-- Testcase_1 -->
</testsuite> <!-- Day_8_Test.Day_8_Locator -->
