<?xml version="1.0" encoding="UTF-8"?>
<!-- Generated by org.testng.reporters.JUnitReportReporter -->
<testsuite hostname="PC3" failures="0" tests="3" name="Day_9_Test.Day_9_xPath" time="4.287" errors="0" timestamp="2024-01-08T17:02:25 ICT" skipped="2">
  <testcase classname="Day_9_Test.Day_9_xPath" name="printTextElement" time="4.287"/>
  <testcase classname="Day_9_Test.Day_9_xPath" name="fillData">
    <skipped/>
  </testcase> <!-- fillData -->
  <testcase classname="Day_9_Test.Day_9_xPath" name="clickLastItem">
    <skipped/>
  </testcase> <!-- clickLastItem -->
</testsuite> <!-- Day_9_Test.Day_9_xPath -->
