<?xml version="1.0" encoding="UTF-8"?>
<!-- Generated by org.testng.reporters.JUnitReportReporter -->
<testsuite hostname="PC3" failures="0" tests="2" name="Day_8_Test.Homework_Day_8_Bai_2" time="14.906" errors="0" timestamp="2024-01-05T17:19:46 ICT" skipped="0">
  <testcase classname="Day_8_Test.Homework_Day_8_Bai_2" name="Testcase_1" time="7.554"/>
  <testcase classname="Day_8_Test.Homework_Day_8_Bai_2" name="Testcase_2" time="7.352"/>
</testsuite> <!-- Day_8_Test.Homework_Day_8_Bai_2 -->
